<?xml version="1.0" encoding="UTF-8"?>
<testng-results ignored="0" total="1" passed="1" failed="0" skipped="0">
  <reporter-output>
  </reporter-output>
  <suite started-at="2025-07-28T14:33:53 IST" name="Default suite" finished-at="2025-07-28T14:34:06 IST" duration-ms="12528">
    <groups>
    </groups>
    <test started-at="2025-07-28T14:33:53 IST" name="Default test" finished-at="2025-07-28T14:34:06 IST" duration-ms="12528">
      <class name="com.screenshotdemo.TestScreenShots1">
        <test-method signature="Browser()[pri:0, instance:com.screenshotdemo.TestScreenShots1@1573f9fc]" started-at="2025-07-28T14:33:53 IST" name="Browser" finished-at="2025-07-28T14:34:06 IST" duration-ms="12493" status="PASS">
          <reporter-output>
          </reporter-output>
        </test-method> <!-- Browser -->
      </class> <!-- com.screenshotdemo.TestScreenShots1 -->
    </test> <!-- Default test -->
  </suite> <!-- Default suite -->
</testng-results>
