<?xml version="1.0" encoding="UTF-8"?>
<testng-results ignored="0" total="1" passed="1" failed="0" skipped="0">
  <reporter-output>
  </reporter-output>
  <suite started-at="2025-07-28T14:47:47 IST" name="Default suite" finished-at="2025-07-28T14:48:00 IST" duration-ms="12796">
    <groups>
    </groups>
    <test started-at="2025-07-28T14:47:47 IST" name="Default test" finished-at="2025-07-28T14:48:00 IST" duration-ms="12796">
      <class name="HandlingScroll.ScrollDemo">
        <test-method signature="Test()[pri:0, instance:HandlingScroll.ScrollDemo@7586beff]" started-at="2025-07-28T14:47:47 IST" name="Test" finished-at="2025-07-28T14:48:00 IST" duration-ms="12746" status="PASS">
          <reporter-output>
          </reporter-output>
        </test-method> <!-- Test -->
      </class> <!-- HandlingScroll.ScrollDemo -->
    </test> <!-- Default test -->
  </suite> <!-- Default suite -->
</testng-results>
