<?xml version="1.0" encoding="UTF-8"?>
<testng-results ignored="0" total="1" passed="1" failed="0" skipped="0">
  <reporter-output>
  </reporter-output>
  <suite started-at="2025-07-28T10:31:35 IST" name="Default suite" finished-at="2025-07-28T10:31:58 IST" duration-ms="22518">
    <groups>
    </groups>
    <test started-at="2025-07-28T10:31:35 IST" name="Default test" finished-at="2025-07-28T10:31:58 IST" duration-ms="22518">
      <class name="com.radiobutton.Easetrip">
        <test-method signature="TestRadioBtn()[pri:0, instance:com.radiobutton.Easetrip@618b19ad]" started-at="2025-07-28T10:31:35 IST" name="TestRadioBtn" finished-at="2025-07-28T10:31:58 IST" duration-ms="22473" status="PASS">
          <reporter-output>
          </reporter-output>
        </test-method> <!-- TestRadioBtn -->
      </class> <!-- com.radiobutton.Easetrip -->
    </test> <!-- Default test -->
  </suite> <!-- Default suite -->
</testng-results>
